<?xml version="1.0" encoding="UTF-8"?>
<!-- Generated by org.testng.reporters.JUnitXMLReporter -->
<testsuite ignored="0" hostname="Shreshth" failures="0" tests="4" name="Surefire test" time="2.964" errors="0" timestamp="2024-12-02T22:54:12 GMT-05:00">
  <testcase classname="com.example.api.ApiTest" name="testAllPosts" time="2.565"/>
  <testcase classname="com.example.api.ApiTest" name="testGetRequest" time="0.074"/>
  <testcase classname="com.example.api.ApiTest" name="testGetRequestWithValidation" time="0.068"/>
  <testcase classname="com.example.api.ApiTest" name="testPostRequest" time="0.208"/>
</testsuite> <!-- Surefire test -->
