<?xml version="1.0" encoding="UTF-8"?>
<testng-results ignored="0" total="4" passed="4" failed="0" skipped="0">
  <reporter-output>
  </reporter-output>
  <suite started-at="2024-12-02T22:54:09 GMT-05:00" name="Surefire suite" finished-at="2024-12-02T22:54:12 GMT-05:00" duration-ms="2964">
    <groups>
    </groups>
    <test started-at="2024-12-02T22:54:09 GMT-05:00" name="Surefire test" finished-at="2024-12-02T22:54:12 GMT-05:00" duration-ms="2964">
      <class name="com.example.api.ApiTest">
        <test-method signature="testAllPosts()[pri:0, instance:com.example.api.ApiTest@226a82c4]" started-at="2024-12-02T22:54:09 GMT-05:00" name="testAllPosts" finished-at="2024-12-02T22:54:12 GMT-05:00" duration-ms="2565" status="PASS">
          <reporter-output>
          </reporter-output>
        </test-method> <!-- testAllPosts -->
        <test-method signature="testGetRequest()[pri:0, instance:com.example.api.ApiTest@226a82c4]" started-at="2024-12-02T22:54:12 GMT-05:00" name="testGetRequest" finished-at="2024-12-02T22:54:12 GMT-05:00" duration-ms="74" status="PASS">
          <reporter-output>
          </reporter-output>
        </test-method> <!-- testGetRequest -->
        <test-method signature="testGetRequestWithValidation()[pri:0, instance:com.example.api.ApiTest@226a82c4]" started-at="2024-12-02T22:54:12 GMT-05:00" name="testGetRequestWithValidation" finished-at="2024-12-02T22:54:12 GMT-05:00" duration-ms="68" status="PASS">
          <reporter-output>
          </reporter-output>
        </test-method> <!-- testGetRequestWithValidation -->
        <test-method signature="testPostRequest()[pri:0, instance:com.example.api.ApiTest@226a82c4]" started-at="2024-12-02T22:54:12 GMT-05:00" name="testPostRequest" finished-at="2024-12-02T22:54:12 GMT-05:00" duration-ms="208" status="PASS">
          <reporter-output>
          </reporter-output>
        </test-method> <!-- testPostRequest -->
      </class> <!-- com.example.api.ApiTest -->
    </test> <!-- Surefire test -->
  </suite> <!-- Surefire suite -->
</testng-results>
